Added Pin To Net: NetName=GND Pin=BC-1
Added Pin To Net: NetName=VCC Pin=BC-2
Added Pin To Net: NetName=NetBC_3 Pin=BC-3
Added Pin To Net: NetName=GND Pin=FCc-1
Added Pin To Net: NetName=NetFCC_2 Pin=FCc-2
Added Pin To Net: NetName=NetJC_1 Pin=JC-1
Added Pin To Net: NetName=VCC Pin=JC-2
Added Pin To Net: NetName=NetJC_1 Pin=JC-3
Added Pin To Net: NetName=GND Pin=JC-4
Added Pin To Net: NetName=NetR3_1 Pin=R3-1
Added Pin To Net: NetName=NetR3_2 Pin=R3-2
Added Pin To Net: NetName=NetR3_2 Pin=U5-1
Added Pin To Net: NetName=NetJC_1 Pin=U5-2
Added Pin To Net: NetName=NetBC_3 Pin=U5-3
Added Pin To Net: NetName=-VCC Pin=U5-4
Added Pin To Net: NetName=GND Pin=U5-5
Added Pin To Net: NetName=NetU5_6 Pin=U5-6
Added Pin To Net: NetName=VCC Pin=U5-7
Added Pin To Net: NetName=NetR3_1 Pin=U5-8
Added Pin To Net: NetName=GND Pin=U6-1
Added Pin To Net: NetName=NetU5_6 Pin=U6-2
Added Pin To Net: NetName=GND Pin=U6-3
Added Pin To Net: NetName=VCC Pin=U6-4
Added Pin To Net: NetName=CELLC Pin=U6-5
Added Pin To Net: NetName=GND Pin=U6-6
Added Pin To Net: NetName=VCC Pin=U6-7
Added Pin To Net: NetName=NetFCC_2 Pin=U6-8
Added Member To Class: ClassName=Célula 3 Member=Component BC Res Tap
Added Member To Class: ClassName=Célula 3 Member=Component FCC Cap
Added Member To Class: ClassName=Célula 3 Member=Component JC 691244510004
Added Member To Class: ClassName=Célula 3 Member=Component R3 Res2
Added Member To Class: ClassName=Célula 3 Member=Component U5 INA126PA
Added Member To Class: ClassName=Célula 3 Member=Component U6 MAX7410EPA
