Removed Member From Class: ClassName=Estágio 2 - Amplificação Member=R2
Added Component: Designator=U?(PA8)
Added Pin To Net: NetName=VCC Pin=J3-2
Added Pin To Net: NetName=VCC Pin=P2-1
Added Pin To Net: NetName=INA_OUT_1 Pin=R7-1
Added Pin To Net: NetName=-VCC Pin=U2-4
Added Pin To Net: NetName=GND Pin=U2-5
Added Pin To Net: NetName=INA_OUT_1 Pin=U2-6
Added Pin To Net: NetName=VCC Pin=U2-7
Added Pin To Net: NetName=GND Pin=U6-3
Added Pin To Net: NetName=-VCC Pin=U6-4
Added Pin To Net: NetName=VCC Pin=U6-7
Added Pin To Net: NetName=NetJ3_1 Pin=J3-1
Added Pin To Net: NetName=NetJ3_1 Pin=J3-3
Added Pin To Net: NetName=NetJ3_1 Pin=U2-2
Added Net: Name=NetJ3_1
Added Pin To Net: NetName=NetJ3_4 Pin=J3-4
Added Pin To Net: NetName=NetJ3_4 Pin=P2-2
Added Net: Name=NetJ3_4
Added Pin To Net: NetName=NetP2_3 Pin=P2-3
Added Pin To Net: NetName=NetP2_3 Pin=U2-3
Added Net: Name=NetP2_3
Added Pin To Net: NetName=NetR2_1 Pin=R2-1
Added Pin To Net: NetName=NetR2_1 Pin=U2-8
Added Net: Name=NetR2_1
Added Pin To Net: NetName=NetR2_2 Pin=R2-2
Added Pin To Net: NetName=NetR2_2 Pin=U2-1
Added Net: Name=NetR2_2
Added Pin To Net: NetName=NetR7_2 Pin=R7-2
Added Pin To Net: NetName=NetR7_2 Pin=R8-1
Added Pin To Net: NetName=NetR7_2 Pin=U6-2
Added Net: Name=NetR7_2
Added Pin To Net: NetName=NetR8_2 Pin=R8-2
Added Pin To Net: NetName=NetR8_2 Pin=U6-6
Added Net: Name=NetR8_2
Added Member To Class: ClassName=Estágio 1 - Diferencial Member=Component J2 691244510004
Added Member To Class: ClassName=Estágio 1 - Diferencial Member=Component P1 RPot
Added Member To Class: ClassName=Estágio 1 - Diferencial Member=Component P2 RPot
Added Member To Class: ClassName=Estágio 1 - Diferencial Member=Component R2 Res2
Added Member To Class: ClassName=Estágio 2 - Amplificação Member=Component R5 Res1
Added Member To Class: ClassName=Estágio 2 - Amplificação Member=Component R6 Res1
Added Member To Class: ClassName=Estágio 2 - Amplificação Member=Component R7 Res1
Added Member To Class: ClassName=Estágio 2 - Amplificação Member=Component R8 Res1
Added Member To Class: ClassName=Estágio 1 - Diferencial Member=Component U2 INA126PA
Added Member To Class: ClassName=Estágio 2 - Amplificação Member=Component U6 OPA27GP
Added Member To Class: ClassName=Estágio 3 - Filtro Member=Component U? MAX7410EPA
Added Room: Name=Estágio 1 - Diferencial
Added Room: Name=Estágio 2 - Amplificação
Added Room: Name=Estágio 3 - Filtro
