Removed Pin From Net: NetName=NetR5_2 Pin=R5-2
Removed Pin From Net: NetName=NetR5_2 Pin=R6-1
Removed Pin From Net: NetName=GND Pin=U2-3
Removed Pin From Net: NetName=NetR5_2 Pin=U5-2
Removed Pin From Net: NetName=GND Pin=U5-3
Removed Pin From Net: NetName=-VCC Pin=U5-4
Removed Pin From Net: NetName=VCC Pin=U5-7
Removed Pin From Net: NetName=GND Pin=U6-3
Removed Pin From Net: NetName=-VCC Pin=U6-4
Removed Pin From Net: NetName=VCC Pin=U6-7
Removed Pin From Net: NetName=GND Pin=U7-3
Removed Pin From Net: NetName=-VCC Pin=U7-4
Removed Pin From Net: NetName=VCC Pin=U7-7
Removed Pin From Net: NetName=GND Pin=U8-3
Removed Pin From Net: NetName=-VCC Pin=U8-4
Removed Pin From Net: NetName=VCC Pin=U8-7
Removed Member From Class: ClassName=Estágio 1 - Diferencial Member=U2
Added Pin To Net: NetName=NetR5_2 Pin=R5-2
Added Pin To Net: NetName=NetR5_2 Pin=R6-1
Added Pin To Net: NetName=NetR5_2 Pin=U3-2
Added Pin To Net: NetName=NetR5_1 Pin=R5-1
Added Pin To Net: NetName=NetR5_1 Pin=U1-6
Added Net: Name=NetR5_1
Added Room: Name=Estágio 1 - Diferencial
