Added Component: Designator=BA(TSR3006)
Added Component: Designator=BB(TSR3006)
Added Component: Designator=BC(TSR3006)
Added Component: Designator=BD(TSR3006)
Added Component: Designator=C1(CAPR5-4X5)
Added Component: Designator=C2(CAPR5-4X5)
Added Component: Designator=FCA(RAD-0.3)
Added Component: Designator=FCB(RAD-0.3)
Added Component: Designator=FCC(RAD-0.3)
Added Component: Designator=FCD(RAD-0.3)
Added Component: Designator=GA(TSR3006)
Added Component: Designator=GB(TSR3006)
Added Component: Designator=GC(TSR3006)
Added Component: Designator=GD(TSR3006)
Added Component: Designator=J1(691244510003)
Added Component: Designator=J6(691244510005)
Added Component: Designator=JA(691244510004)
Added Component: Designator=JB(691244510004)
Added Component: Designator=JC(691244510004)
Added Component: Designator=JD(691244510004)
Added Component: Designator=R1(AXIAL-0.4)
Added Component: Designator=R2(AXIAL-0.4)
Added Component: Designator=R3(AXIAL-0.4)
Added Component: Designator=R4(AXIAL-0.4)
Added Component: Designator=R5(AXIAL-0.4)
Added Component: Designator=R6(AXIAL-0.4)
Added Component: Designator=R7(AXIAL-0.4)
Added Component: Designator=R8(AXIAL-0.4)
Added Component: Designator=R9(AXIAL-0.4)
Added Component: Designator=R10(AXIAL-0.4)
Added Component: Designator=R11(AXIAL-0.4)
Added Component: Designator=R12(AXIAL-0.4)
Added Component: Designator=REG1(ISOWATT220AB)
Added Component: Designator=REG2(ISOWATT220AB)
Added Component: Designator=U1(006E)
Added Component: Designator=U2(PA8)
Added Component: Designator=U3(006E)
Added Component: Designator=U4(PA8)
Added Component: Designator=U5(006E)
Added Component: Designator=U6(PA8)
Added Component: Designator=U7(006E)
Added Component: Designator=U8(PA8)
Added Component: Designator=U9(N014)
Added Pin To Net: NetName=-VCC Pin=C2-1
Added Pin To Net: NetName=-VCC Pin=REG2-3
Added Pin To Net: NetName=-VCC Pin=U1-4
Added Pin To Net: NetName=-VCC Pin=U3-4
Added Pin To Net: NetName=-VCC Pin=U5-4
Added Pin To Net: NetName=-VCC Pin=U7-4
Added Pin To Net: NetName=-VCC Pin=U9-11
Added Net: Name=-VCC
Added Pin To Net: NetName=CELLA Pin=R5-1
Added Pin To Net: NetName=CELLA Pin=U2-5
Added Net: Name=CELLA
Added Pin To Net: NetName=CELLB Pin=R9-1
Added Pin To Net: NetName=CELLB Pin=U4-5
Added Net: Name=CELLB
Added Pin To Net: NetName=CELLC Pin=R7-1
Added Pin To Net: NetName=CELLC Pin=U6-5
Added Net: Name=CELLC
Added Pin To Net: NetName=CELLD Pin=R11-1
Added Pin To Net: NetName=CELLD Pin=U8-5
Added Net: Name=CELLD
Added Pin To Net: NetName=GND Pin=BA-1
Added Pin To Net: NetName=GND Pin=BB-1
Added Pin To Net: NetName=GND Pin=BC-1
Added Pin To Net: NetName=GND Pin=BD-1
Added Pin To Net: NetName=GND Pin=C1-2
Added Pin To Net: NetName=GND Pin=C2-2
Added Pin To Net: NetName=GND Pin=FCA-1
Added Pin To Net: NetName=GND Pin=FCB-1
Added Pin To Net: NetName=GND Pin=FCC-1
Added Pin To Net: NetName=GND Pin=FCD-1
Added Pin To Net: NetName=GND Pin=J1-2
Added Pin To Net: NetName=GND Pin=J6-5
Added Pin To Net: NetName=GND Pin=JA-4
Added Pin To Net: NetName=GND Pin=JB-4
Added Pin To Net: NetName=GND Pin=JC-4
Added Pin To Net: NetName=GND Pin=JD-4
Added Pin To Net: NetName=GND Pin=REG1-3
Added Pin To Net: NetName=GND Pin=REG2-1
Added Pin To Net: NetName=GND Pin=U1-5
Added Pin To Net: NetName=GND Pin=U2-1
Added Pin To Net: NetName=GND Pin=U2-3
Added Pin To Net: NetName=GND Pin=U2-6
Added Pin To Net: NetName=GND Pin=U3-5
Added Pin To Net: NetName=GND Pin=U4-1
Added Pin To Net: NetName=GND Pin=U4-3
Added Pin To Net: NetName=GND Pin=U4-6
Added Pin To Net: NetName=GND Pin=U5-5
Added Pin To Net: NetName=GND Pin=U6-1
Added Pin To Net: NetName=GND Pin=U6-3
Added Pin To Net: NetName=GND Pin=U6-6
Added Pin To Net: NetName=GND Pin=U7-5
Added Pin To Net: NetName=GND Pin=U8-1
Added Pin To Net: NetName=GND Pin=U8-3
Added Pin To Net: NetName=GND Pin=U8-6
Added Pin To Net: NetName=GND Pin=U9-3
Added Pin To Net: NetName=GND Pin=U9-5
Added Pin To Net: NetName=GND Pin=U9-10
Added Pin To Net: NetName=GND Pin=U9-12
Added Net: Name=GND
Added Pin To Net: NetName=NetBA_3 Pin=U1-3
Added Net: Name=NetBA_3
Added Pin To Net: NetName=NetBB_3 Pin=U3-3
Added Net: Name=NetBB_3
Added Pin To Net: NetName=NetBC_3 Pin=U5-3
Added Net: Name=NetBC_3
Added Pin To Net: NetName=NetBD_3 Pin=U7-3
Added Net: Name=NetBD_3
Added Pin To Net: NetName=NetFCA_2 Pin=FCA-2
Added Pin To Net: NetName=NetFCA_2 Pin=U2-8
Added Net: Name=NetFCA_2
Added Pin To Net: NetName=NetFCB_2 Pin=FCB-2
Added Pin To Net: NetName=NetFCB_2 Pin=U4-8
Added Net: Name=NetFCB_2
Added Pin To Net: NetName=NetFCC_2 Pin=FCC-2
Added Pin To Net: NetName=NetFCC_2 Pin=U6-8
Added Net: Name=NetFCC_2
Added Pin To Net: NetName=NetFCD_2 Pin=FCD-2
Added Pin To Net: NetName=NetFCD_2 Pin=U8-8
Added Net: Name=NetFCD_2
Added Pin To Net: NetName=NetGA_2 Pin=GA-2
Added Pin To Net: NetName=NetGA_2 Pin=R6-2
Added Net: Name=NetGA_2
Added Pin To Net: NetName=NetGB_2 Pin=GB-2
Added Pin To Net: NetName=NetGB_2 Pin=R10-2
Added Net: Name=NetGB_2
Added Pin To Net: NetName=NetGC_2 Pin=GC-2
Added Pin To Net: NetName=NetGC_2 Pin=R8-2
Added Net: Name=NetGC_2
Added Pin To Net: NetName=NetGD_2 Pin=GD-2
Added Pin To Net: NetName=NetGD_2 Pin=R12-2
Added Net: Name=NetGD_2
Added Pin To Net: NetName=NetJ1_1 Pin=J1-1
Added Pin To Net: NetName=NetJ1_1 Pin=REG1-1
Added Net: Name=NetJ1_1
Added Pin To Net: NetName=NetJ1_3 Pin=J1-3
Added Pin To Net: NetName=NetJ1_3 Pin=REG2-2
Added Net: Name=NetJ1_3
Added Pin To Net: NetName=NetJA_1 Pin=JA-1
Added Pin To Net: NetName=NetJA_1 Pin=JA-3
Added Pin To Net: NetName=NetJA_1 Pin=U1-2
Added Net: Name=NetJA_1
Added Pin To Net: NetName=NetJB_1 Pin=JB-1
Added Pin To Net: NetName=NetJB_1 Pin=JB-3
Added Pin To Net: NetName=NetJB_1 Pin=U3-2
Added Net: Name=NetJB_1
Added Pin To Net: NetName=NetJC_1 Pin=JC-1
Added Pin To Net: NetName=NetJC_1 Pin=JC-3
Added Pin To Net: NetName=NetJC_1 Pin=U5-2
Added Net: Name=NetJC_1
Added Pin To Net: NetName=NetJD_1 Pin=JD-1
Added Pin To Net: NetName=NetJD_1 Pin=JD-3
Added Pin To Net: NetName=NetJD_1 Pin=U7-2
Added Net: Name=NetJD_1
Added Pin To Net: NetName=NetR1_1 Pin=R1-1
Added Pin To Net: NetName=NetR1_1 Pin=U1-8
Added Net: Name=NetR1_1
Added Pin To Net: NetName=NetR1_2 Pin=R1-2
Added Pin To Net: NetName=NetR1_2 Pin=U1-1
Added Net: Name=NetR1_2
Added Pin To Net: NetName=NetR2_1 Pin=R2-1
Added Pin To Net: NetName=NetR2_1 Pin=U3-8
Added Net: Name=NetR2_1
Added Pin To Net: NetName=NetR2_2 Pin=R2-2
Added Pin To Net: NetName=NetR2_2 Pin=U3-1
Added Net: Name=NetR2_2
Added Pin To Net: NetName=NetR3_1 Pin=R3-1
Added Pin To Net: NetName=NetR3_1 Pin=U5-8
Added Net: Name=NetR3_1
Added Pin To Net: NetName=NetR3_2 Pin=R3-2
Added Pin To Net: NetName=NetR3_2 Pin=U5-1
Added Net: Name=NetR3_2
Added Pin To Net: NetName=NetR4_1 Pin=R4-1
Added Pin To Net: NetName=NetR4_1 Pin=U7-8
Added Net: Name=NetR4_1
Added Pin To Net: NetName=NetR4_2 Pin=R4-2
Added Pin To Net: NetName=NetR4_2 Pin=U7-1
Added Net: Name=NetR4_2
Added Pin To Net: NetName=NetR5_2 Pin=R5-2
Added Pin To Net: NetName=NetR5_2 Pin=R6-1
Added Pin To Net: NetName=NetR5_2 Pin=U9-2
Added Net: Name=NetR5_2
Added Pin To Net: NetName=NetR7_2 Pin=R7-2
Added Pin To Net: NetName=NetR7_2 Pin=R8-1
Added Pin To Net: NetName=NetR7_2 Pin=U9-9
Added Net: Name=NetR7_2
Added Pin To Net: NetName=NetR9_2 Pin=R9-2
Added Pin To Net: NetName=NetR9_2 Pin=R10-1
Added Pin To Net: NetName=NetR9_2 Pin=U9-6
Added Net: Name=NetR9_2
Added Pin To Net: NetName=NetR11_2 Pin=R11-2
Added Pin To Net: NetName=NetR11_2 Pin=R12-1
Added Pin To Net: NetName=NetR11_2 Pin=U9-13
Added Net: Name=NetR11_2
Added Pin To Net: NetName=NetU1_6 Pin=U1-6
Added Pin To Net: NetName=NetU1_6 Pin=U2-2
Added Net: Name=NetU1_6
Added Pin To Net: NetName=NetU3_6 Pin=U3-6
Added Pin To Net: NetName=NetU3_6 Pin=U4-2
Added Net: Name=NetU3_6
Added Pin To Net: NetName=NetU5_6 Pin=U5-6
Added Pin To Net: NetName=NetU5_6 Pin=U6-2
Added Net: Name=NetU5_6
Added Pin To Net: NetName=NetU7_6 Pin=U7-6
Added Pin To Net: NetName=NetU7_6 Pin=U8-2
Added Net: Name=NetU7_6
Added Pin To Net: NetName=OUTA Pin=J6-1
Added Pin To Net: NetName=OUTA Pin=U9-1
Added Net: Name=OUTA
Added Pin To Net: NetName=OUTB Pin=J6-2
Added Pin To Net: NetName=OUTB Pin=U9-7
Added Net: Name=OUTB
Added Pin To Net: NetName=OUTC Pin=J6-3
Added Pin To Net: NetName=OUTC Pin=U9-8
Added Net: Name=OUTC
Added Pin To Net: NetName=OUTD Pin=J6-4
Added Pin To Net: NetName=OUTD Pin=U9-14
Added Net: Name=OUTD
Added Pin To Net: NetName=VCC Pin=BA-2
Added Pin To Net: NetName=VCC Pin=BB-2
Added Pin To Net: NetName=VCC Pin=BC-2
Added Pin To Net: NetName=VCC Pin=BD-2
Added Pin To Net: NetName=VCC Pin=C1-1
Added Pin To Net: NetName=VCC Pin=JA-2
Added Pin To Net: NetName=VCC Pin=JB-2
Added Pin To Net: NetName=VCC Pin=JC-2
Added Pin To Net: NetName=VCC Pin=JD-2
Added Pin To Net: NetName=VCC Pin=REG1-2
Added Pin To Net: NetName=VCC Pin=U1-7
Added Pin To Net: NetName=VCC Pin=U2-4
Added Pin To Net: NetName=VCC Pin=U2-7
Added Pin To Net: NetName=VCC Pin=U3-7
Added Pin To Net: NetName=VCC Pin=U4-4
Added Pin To Net: NetName=VCC Pin=U4-7
Added Pin To Net: NetName=VCC Pin=U5-7
Added Pin To Net: NetName=VCC Pin=U6-4
Added Pin To Net: NetName=VCC Pin=U6-7
Added Pin To Net: NetName=VCC Pin=U7-7
Added Pin To Net: NetName=VCC Pin=U8-4
Added Pin To Net: NetName=VCC Pin=U8-7
Added Pin To Net: NetName=VCC Pin=U9-4
Added Net: Name=VCC
Added Class: Name=Célula 1
Added Class: Name=Célula 2
Added Class: Name=Célula 3
Added Class: Name=Célula 4
Added Member To Class: ClassName=Estágio 1 - Diferencial Member=Component C1 Cap2
Added Member To Class: ClassName=Estágio 1 - Diferencial Member=Component C2 Cap2
Added Member To Class: ClassName=Estágio 1 - Diferencial Member=Component GA Res Tap
Added Member To Class: ClassName=Estágio 1 - Diferencial Member=Component GB Res Tap
Added Member To Class: ClassName=Estágio 1 - Diferencial Member=Component GC Res Tap
Added Member To Class: ClassName=Estágio 1 - Diferencial Member=Component GD Res Tap
Added Member To Class: ClassName=Estágio 1 - Diferencial Member=Component J1 691244510003
Added Member To Class: ClassName=Estágio 1 - Diferencial Member=Component J6 691244510005
Added Member To Class: ClassName=Estágio 1 - Diferencial Member=Component R5 Res2
Added Member To Class: ClassName=Estágio 1 - Diferencial Member=Component R6 Res2
Added Member To Class: ClassName=Estágio 1 - Diferencial Member=Component R7 Res2
Added Member To Class: ClassName=Estágio 1 - Diferencial Member=Component R8 Res2
Added Member To Class: ClassName=Estágio 1 - Diferencial Member=Component R9 Res2
Added Member To Class: ClassName=Estágio 1 - Diferencial Member=Component R10 Res2
Added Member To Class: ClassName=Estágio 1 - Diferencial Member=Component R11 Res2
Added Member To Class: ClassName=Estágio 1 - Diferencial Member=Component R12 Res2
Added Member To Class: ClassName=Estágio 1 - Diferencial Member=Component REG1 L7805CP
Added Member To Class: ClassName=Estágio 1 - Diferencial Member=Component REG2 L7905CP
Added Member To Class: ClassName=Estágio 1 - Diferencial Member=Component U9 TL084N
Added Room: Name=Célula 1
Added Room: Name=Célula 2
Added Room: Name=Célula 3
Added Room: Name=Célula 4
Added Room: Name=Estágio 1 - Diferencial
